#
# There is insufficient memory for the Java Runtime Environment to continue.
# Native memory allocation (malloc) failed to allocate 1048576 bytes for AllocateHeap
# Possible reasons:
#   The system is out of physical RAM or swap space
#   In 32 bit mode, the process size limit was hit
# Possible solutions:
#   Reduce memory load on the system
#   Increase physical memory or swap space
#   Check if swap backing store is full
#   Use 64 bit Java on a 64 bit OS
#   Decrease Java heap size (-Xmx/-Xms)
#   Decrease number of Java threads
#   Decrease Java thread stack sizes (-Xss)
#   Set larger code cache with -XX:ReservedCodeCacheSize=
# This output file may be truncated or incomplete.
#
#  Out of Memory Error (memory/allocation.inline.hpp:61), pid=12152, tid=0x0000000000002168
#
# JRE version:  (8.0) (build )
# Java VM: OpenJDK 64-Bit Server VM (25.71-b00 mixed mode windows-amd64 compressed oops)
# Failed to write core dump. Minidumps are not enabled by default on client versions of Windows
#

---------------  T H R E A D  ---------------

Current thread (0x0000000002c82800):  JavaThread "Unknown thread" [_thread_in_vm, id=8552, stack(0x0000000002b80000,0x0000000002c80000)]

Stack: [0x0000000002b80000,0x0000000002c80000]
[error occurred during error reporting (printing stack bounds), id 0xc0000005]

Native frames: (J=compiled Java code, j=interpreted, Vv=VM code, C=native code)


---------------  P R O C E S S  ---------------

Java Threads: ( => current thread )

Other Threads:

=>0x0000000002c82800 (exited) JavaThread "Unknown thread" [_thread_in_vm, id=8552, stack(0x0000000002b80000,0x0000000002c80000)]

VM state:not at safepoint (normal execution)

VM Mutex/Monitor currently owned by a thread: None

Heap:
 PSYoungGen      total 37888K, used 655K [0x00000000d6500000, 0x00000000d8f00000, 0x0000000100000000)
  eden space 32768K, 2% used [0x00000000d6500000,0x00000000d65a3d80,0x00000000d8500000)
  from space 5120K, 0% used [0x00000000d8a00000,0x00000000d8a00000,0x00000000d8f00000)
  to   space 5120K, 0% used [0x00000000d8500000,0x00000000d8500000,0x00000000d8a00000)
 ParOldGen       total 86016K, used 0K [0x0000000082e00000, 0x0000000088200000, 0x00000000d6500000)
  object space 86016K, 0% used [0x0000000082e00000,0x0000000082e00000,0x0000000088200000)
 Metaspace       used 777K, capacity 4480K, committed 4480K, reserved 1056768K
  class space    used 74K, capacity 384K, committed 384K, reserved 1048576K

Card table byte_map: [0x0000000012140000,0x0000000012530000] byte_map_base: 0x0000000011d29000

Marking Bits: (ParMarkBitMap*) 0x000000006eeabe50
 Begin Bits: [0x0000000012fd0000, 0x0000000014f18000)
 End Bits:   [0x0000000014f18000, 0x0000000016e60000)

Polling page: 0x0000000000d20000

CodeCache: size=245760Kb used=328Kb max_used=328Kb free=245431Kb
 bounds [0x0000000002d80000, 0x0000000002ff0000, 0x0000000011d80000]
 total_blobs=57 nmethods=0 adapters=38
 compilation: enabled

Compilation events (0 events):
No events

GC Heap History (0 events):
No events

Deoptimization events (0 events):
No events

Classes redefined (0 events):
No events

Internal exceptions (0 events):
No events

Events (10 events):
Event: 0.017 loading class java/lang/Short
Event: 0.017 loading class java/lang/Short done
Event: 0.017 loading class java/lang/Integer
Event: 0.017 loading class java/lang/Integer done
Event: 0.017 loading class java/lang/Long
Event: 0.017 loading class java/lang/Long done
Event: 0.018 loading class java/lang/NullPointerException
Event: 0.018 loading class java/lang/NullPointerException done
Event: 0.018 loading class java/lang/ArithmeticException
Event: 0.018 loading class java/lang/ArithmeticException done


Dynamic libraries:
0x00007ff770280000 - 0x00007ff7702b5000 	C:\Program Files\Unity\Hub\Editor\2021.3.0f1\Editor\Data\PlaybackEngines\AndroidPlayer\OpenJDK\bin\java.exe
0x00007ffcc1350000 - 0x00007ffcc1548000 	C:\WINDOWS\SYSTEM32\ntdll.dll
0x00007ffcbf410000 - 0x00007ffcbf4cd000 	C:\WINDOWS\System32\KERNEL32.DLL
0x00007ffcbeed0000 - 0x00007ffcbf1c6000 	C:\WINDOWS\System32\KERNELBASE.dll
0x00007ffcc08c0000 - 0x00007ffcc096f000 	C:\WINDOWS\System32\ADVAPI32.dll
0x00007ffcbfd10000 - 0x00007ffcbfdae000 	C:\WINDOWS\System32\msvcrt.dll
0x00007ffcbfdb0000 - 0x00007ffcbfe4c000 	C:\WINDOWS\System32\sechost.dll
0x00007ffcc11b0000 - 0x00007ffcc12d6000 	C:\WINDOWS\System32\RPCRT4.dll
0x00007ffcc09c0000 - 0x00007ffcc0b5e000 	C:\WINDOWS\System32\USER32.dll
0x00007ffcbeb40000 - 0x00007ffcbeb62000 	C:\WINDOWS\System32\win32u.dll
0x00007ffcc0970000 - 0x00007ffcc099c000 	C:\WINDOWS\System32\GDI32.dll
0x00007ffcbedb0000 - 0x00007ffcbeeca000 	C:\WINDOWS\System32\gdi32full.dll
0x00007ffcbea30000 - 0x00007ffcbeacd000 	C:\WINDOWS\System32\msvcp_win.dll
0x00007ffcbf1d0000 - 0x00007ffcbf2d0000 	C:\WINDOWS\System32\ucrtbase.dll
0x00007ffcabe40000 - 0x00007ffcac0da000 	C:\WINDOWS\WinSxS\amd64_microsoft.windows.common-controls_6595b64144ccf1df_6.0.19041.3636_none_60b6a03d71f818d5\COMCTL32.dll
0x00007ffcc12e0000 - 0x00007ffcc1310000 	C:\WINDOWS\System32\IMM32.DLL
0x000000006ef30000 - 0x000000006f002000 	C:\Program Files\Unity\Hub\Editor\2021.3.0f1\Editor\Data\PlaybackEngines\AndroidPlayer\OpenJDK\jre\bin\msvcr100.dll
0x000000006e6e0000 - 0x000000006ef29000 	C:\Program Files\Unity\Hub\Editor\2021.3.0f1\Editor\Data\PlaybackEngines\AndroidPlayer\OpenJDK\jre\bin\server\jvm.dll
0x00007ffcbf530000 - 0x00007ffcbf538000 	C:\WINDOWS\System32\PSAPI.DLL
0x00007ffcb77a0000 - 0x00007ffcb77aa000 	C:\WINDOWS\SYSTEM32\VERSION.dll
0x00007ffcaedf0000 - 0x00007ffcaee17000 	C:\WINDOWS\SYSTEM32\WINMM.dll
0x00007ffcbbbc0000 - 0x00007ffcbbbc9000 	C:\WINDOWS\SYSTEM32\WSOCK32.dll
0x00007ffcc0760000 - 0x00007ffcc07cb000 	C:\WINDOWS\System32\WS2_32.dll
0x00007ffcbb920000 - 0x00007ffcbb92f000 	C:\Program Files\Unity\Hub\Editor\2021.3.0f1\Editor\Data\PlaybackEngines\AndroidPlayer\OpenJDK\jre\bin\verify.dll
0x00007ffc8ee10000 - 0x00007ffc8ee39000 	C:\Program Files\Unity\Hub\Editor\2021.3.0f1\Editor\Data\PlaybackEngines\AndroidPlayer\OpenJDK\jre\bin\java.dll
0x00007ffc8edf0000 - 0x00007ffc8ee06000 	C:\Program Files\Unity\Hub\Editor\2021.3.0f1\Editor\Data\PlaybackEngines\AndroidPlayer\OpenJDK\jre\bin\zip.dll

VM Arguments:
jvm_args: -Dfile.encoding=UTF-8 
java_command: <unknown>
java_class_path (initial): .
Launcher Type: SUN_STANDARD

Environment Variables:
JAVA_HOME=C:\Program Files\Unity\Hub\Editor\2021.3.0f1\Editor\Data\PlaybackEngines\AndroidPlayer\OpenJDK
JAVA_TOOL_OPTIONS=-Dfile.encoding=UTF-8
PATH=C:\Program Files (x86)\Common Files\Oracle\Java\javapath;C:\Program Files (x86)\Intel\Intel(R) Management Engine Components\iCLS\;C:\Program Files\Intel\Intel(R) Management Engine Components\iCLS\;C:\Windows\system32;C:\Windows;C:\Windows\System32\Wbem;C:\Windows\System32\WindowsPowerShell\v1.0\;C:\Program Files (x86)\NVIDIA Corporation\PhysX\Common;C:\Program Files\NVIDIA Corporation\NVIDIA NvDLISR;C:\WINDOWS\system32;C:\WINDOWS;C:\WINDOWS\System32\Wbem;C:\WINDOWS\System32\WindowsPowerShell\v1.0\;C:\WINDOWS\System32\OpenSSH\;C:\Program Files\nodejs\;C:\WINDOWS\system32;C:\WINDOWS;C:\WINDOWS\System32\Wbem;C:\WINDOWS\System32\WindowsPowerShell\v1.0\;C:\WINDOWS\System32\OpenSSH\;C:\Program Files\Git\cmd;C:\Program Files\dotnet\;C:\Users\Josh Duffety-Wong\AppData\Local\Microsoft\WindowsApps;C:\Users\Josh Duffety-Wong\AppData\Local\GitHubDesktop\bin;C:\Users\Josh Duffety-Wong\.dotnet\tools
USERNAME=Josh Duffety-Wong
OS=Windows_NT
PROCESSOR_IDENTIFIER=Intel64 Family 6 Model 142 Stepping 10, GenuineIntel



---------------  S Y S T E M  ---------------

OS: Windows 10.0 , 64 bit Build 19041 (10.0.19041.3636)

CPU:total 8 (initial active 8) (4 cores per cpu, 2 threads per core) family 6 model 142 stepping 10, cmov, cx8, fxsr, mmx, sse, sse2, sse3, ssse3, sse4.1, sse4.2, popcnt, avx, avx2, aes, clmul, erms, 3dnowpref, lzcnt, ht, tsc, tscinvbit, bmi1, bmi2, adx

Memory: 4k page, physical 8200076k(361764k free), swap 16588684k(6016k free)

vm_info: OpenJDK 64-Bit Server VM (25.71-b00) for windows-amd64 JRE (1.8.0-adoptopenjdk-_2018_05_19_00_59-b00), built on May 19 2018 01:02:12 by "jenkins" with MS VC++ 10.0 (VS2010)

time: Thu Dec 21 21:22:23 2023
elapsed time: 0 seconds (0d 0h 0m 0s)

